<?xml version="1.0" encoding="UTF-8"?>
<testng-results ignored="0" total="1" passed="1" failed="0" skipped="0">
  <reporter-output>
  </reporter-output>
  <suite started-at="2023-12-07T17:14:01 GMT" name="Suite" finished-at="2023-12-07T17:14:42 GMT" duration-ms="40666">
    <groups>
    </groups>
    <test started-at="2023-12-07T17:14:01 GMT" name="Test1" finished-at="2023-12-07T17:14:42 GMT" duration-ms="40666">
      <class name="mavenforjenkins.UITest">
        <test-method signature="startBrowser(java.lang.String)[pri:0, instance:mavenforjenkins.UITest@7a69b07]" started-at="2023-12-07T17:14:02 GMT" name="startBrowser" finished-at="2023-12-07T17:14:42 GMT" duration-ms="40298" status="PASS">
          <params>
            <param index="0">
              <value>
                <![CDATA[Chrome]]>
              </value>
            </param>
          </params>
          <reporter-output>
          </reporter-output>
        </test-method> <!-- startBrowser -->
      </class> <!-- mavenforjenkins.UITest -->
    </test> <!-- Test1 -->
  </suite> <!-- Suite -->
</testng-results>
